e:\mfc\mfcall\mfcall\x64\release\mfcall.pch
e:\mfc\mfcall\mfcall\x64\release\vc140.pdb
e:\mfc\mfcall\mfcall\x64\release\stdafx.obj
e:\mfc\mfcall\mfcall\x64\release\train.obj
e:\mfc\mfcall\mfcall\x64\release\test.obj
e:\mfc\mfcall\mfcall\x64\release\mfcall.obj
e:\mfc\mfcall\mfcall\x64\release\cvvimage.obj
e:\mfc\mfcall\mfcall\x64\release\mfcalldlg.obj
e:\mfc\mfcall\mfcall\x64\release\exe.obj
e:\mfc\mfcall\x64\release\mfcall.exe
e:\mfc\mfcall\x64\release\mfcall.ipdb
e:\mfc\mfcall\x64\release\mfcall.iobj
e:\mfc\mfcall\x64\release\mfcall.pdb
e:\mfc\mfcall\mfcall\x64\release\mfcall.res
e:\mfc\mfcall\mfcall\x64\release\mfcall.tlog\cl.command.1.tlog
e:\mfc\mfcall\mfcall\x64\release\mfcall.tlog\cl.read.1.tlog
e:\mfc\mfcall\mfcall\x64\release\mfcall.tlog\cl.write.1.tlog
e:\mfc\mfcall\mfcall\x64\release\mfcall.tlog\link.command.1.tlog
e:\mfc\mfcall\mfcall\x64\release\mfcall.tlog\link.read.1.tlog
e:\mfc\mfcall\mfcall\x64\release\mfcall.tlog\link.write.1.tlog
e:\mfc\mfcall\mfcall\x64\release\mfcall.tlog\rc.command.1.tlog
e:\mfc\mfcall\mfcall\x64\release\mfcall.tlog\rc.read.1.tlog
e:\mfc\mfcall\mfcall\x64\release\mfcall.tlog\rc.write.1.tlog
